[debug] [2020-11-23T12:45:31.617Z] ----------------------------------------------------------------------
[debug] [2020-11-23T12:45:31.620Z] Command:       /usr/bin/node /usr/local/bin/firebase serve -p 8081
[debug] [2020-11-23T12:45:31.621Z] CLI Version:   8.16.2
[debug] [2020-11-23T12:45:31.621Z] Platform:      linux
[debug] [2020-11-23T12:45:31.621Z] Node Version:  v12.19.1
[debug] [2020-11-23T12:45:31.622Z] Time:          Mon Nov 23 2020 20:45:31 GMT+0800 (Hong Kong Standard Time)
[debug] [2020-11-23T12:45:31.622Z] ----------------------------------------------------------------------
[debug] [2020-11-23T12:45:31.622Z] 
[debug] [2020-11-23T12:45:31.632Z] > command requires scopes: ["email","openid","https://www.googleapis.com/auth/cloudplatformprojects.readonly","https://www.googleapis.com/auth/firebase","https://www.googleapis.com/auth/cloud-platform"]
[debug] [2020-11-23T12:45:31.632Z] > authorizing via FIREBASE_TOKEN environment variable
[debug] [2020-11-23T12:45:31.633Z] [iam] checking project fir-tryout-f4e7a for permissions ["firebase.projects.get"]
[debug] [2020-11-23T12:45:31.637Z] > refreshing access token with scopes: ["email","openid","https://www.googleapis.com/auth/cloudplatformprojects.readonly","https://www.googleapis.com/auth/firebase","https://www.googleapis.com/auth/cloud-platform"]
[debug] [2020-11-23T12:45:31.637Z] >>> HTTP REQUEST POST https://www.googleapis.com/oauth2/v3/token  
 <request body omitted>
[debug] [2020-11-23T12:45:31.747Z] <<< HTTP RESPONSE 200 {"expires":"Mon, 01 Jan 1990 00:00:00 GMT","cache-control":"no-cache, no-store, max-age=0, must-revalidate","pragma":"no-cache","date":"Mon, 23 Nov 2020 12:45:31 GMT","content-type":"application/json; charset=utf-8","vary":"X-Origin, Referer, Origin,Accept-Encoding","server":"scaffolding on HTTPServer2","x-xss-protection":"0","x-frame-options":"SAMEORIGIN","x-content-type-options":"nosniff","alt-svc":"h3-29=\":443\"; ma=2592000,h3-T051=\":443\"; ma=2592000,h3-Q050=\":443\"; ma=2592000,h3-Q046=\":443\"; ma=2592000,h3-Q043=\":443\"; ma=2592000,quic=\":443\"; ma=2592000; v=\"46,43\"","accept-ranges":"none","transfer-encoding":"chunked"}
[debug] [2020-11-23T12:45:31.750Z] >>> HTTP REQUEST POST https://cloudresourcemanager.googleapis.com/v1/projects/fir-tryout-f4e7a:testIamPermissions  
 {"permissions":["firebase.projects.get"]}
[debug] [2020-11-23T12:45:32.598Z] <<< HTTP RESPONSE 200 {"content-type":"application/json; charset=UTF-8","vary":"X-Origin, Referer, Origin,Accept-Encoding","date":"Mon, 23 Nov 2020 12:45:32 GMT","server":"ESF","cache-control":"private","x-xss-protection":"0","x-frame-options":"SAMEORIGIN","x-content-type-options":"nosniff","server-timing":"gfet4t7; dur=821","alt-svc":"h3-29=\":443\"; ma=2592000,h3-T051=\":443\"; ma=2592000,h3-Q050=\":443\"; ma=2592000,h3-Q046=\":443\"; ma=2592000,h3-Q043=\":443\"; ma=2592000,quic=\":443\"; ma=2592000; v=\"46,43\"","accept-ranges":"none","transfer-encoding":"chunked"}
[debug] [2020-11-23T12:45:32.599Z] >>> HTTP REQUEST GET https://firebase.googleapis.com/v1beta1/projects/fir-tryout-f4e7a  
 
[debug] [2020-11-23T12:45:32.915Z] <<< HTTP RESPONSE 200 {"content-type":"application/json; charset=UTF-8","vary":"X-Origin, Referer, Origin,Accept-Encoding","date":"Mon, 23 Nov 2020 12:45:32 GMT","server":"ESF","cache-control":"private","x-xss-protection":"0","x-frame-options":"SAMEORIGIN","x-content-type-options":"nosniff","alt-svc":"h3-29=\":443\"; ma=2592000,h3-T051=\":443\"; ma=2592000,h3-Q050=\":443\"; ma=2592000,h3-Q046=\":443\"; ma=2592000,h3-Q043=\":443\"; ma=2592000,quic=\":443\"; ma=2592000; v=\"46,43\"","accept-ranges":"none","transfer-encoding":"chunked"}
[info] 
[info] === Serving from '/home/logic/_workspace/firebase-playlist/firebase-cloud-messaging-tryout'...
[info] 
[debug] [2020-11-23T12:45:32.920Z] >>> HTTP REQUEST GET https://firebase.googleapis.com/v1beta1/projects/fir-tryout-f4e7a/webApps/-/config  
 
[debug] [2020-11-23T12:45:34.230Z] <<< HTTP RESPONSE 200 {"content-type":"application/json; charset=UTF-8","vary":"X-Origin, Referer, Origin,Accept-Encoding","date":"Mon, 23 Nov 2020 12:45:34 GMT","server":"ESF","cache-control":"private","x-xss-protection":"0","x-frame-options":"SAMEORIGIN","x-content-type-options":"nosniff","alt-svc":"h3-29=\":443\"; ma=2592000,h3-T051=\":443\"; ma=2592000,h3-Q050=\":443\"; ma=2592000,h3-Q046=\":443\"; ma=2592000,h3-Q043=\":443\"; ma=2592000,quic=\":443\"; ma=2592000; v=\"46,43\"","accept-ranges":"none","transfer-encoding":"chunked"}
[info] i  hosting: Serving hosting files from: ./ {"metadata":{"emulator":{"name":"hosting"},"message":"Serving hosting files from: \u001b[1m./\u001b[22m"}}
[info] ✔  hosting: Local server: http://localhost:8081 {"metadata":{"emulator":{"name":"hosting"},"message":"Local server: \u001b[4m\u001b[1mhttp://localhost:8081\u001b[22m\u001b[24m"}}
